<?xml version="1.0" encoding="UTF-8"?>
<!-- Generated by org.testng.reporters.JUnitReportReporter -->
<testsuite hostname="Chenweiqing" name="com.yunxun.moxian.test.welcome" tests="1" failures="0" timestamp="6 Apr 2016 08:53:03 GMT" time="0.886" errors="0">
  <testcase name="isAppInstalled" time="0.886" classname="com.yunxun.moxian.test.welcome"/>
</testsuite> <!-- com.yunxun.moxian.test.welcome -->
